Running from installcheck: no
Using TAP: no
PATH = /private/tmp/homebrew-automake-HEAD-mfsB/tests/ax:/private/tmp/homebrew-automake-HEAD-mfsB/tests/wrap:/usr/local/Cellar/libffi/3.0.10/bin:/usr/local/Cellar/gettext/0.18.1.1/bin:/usr/local/bin:/usr/local/sbin:/usr/local/texlive/2011/bin/x86_64-darwin:/usr/bin:/bin:/usr/sbin:/sbin:/usr/X11/bin:/usr/local/Library/Contributions/examples
++ pwd
/private/tmp/homebrew-automake-HEAD-mfsB/tests/cond41.dir
+ cat
+ aclocal-1.11a -Werror
+ cat stderr
configure.ac:5: error: AM_COND_IF: no such condition "BAD_COND"
/private/tmp/homebrew-automake-HEAD-mfsB/m4/cond-if.m4:39: AM_COND_IF is expanded from...
configure.ac:5: the top level
autom4te: /usr/bin/m4 failed with exit status: 1
aclocal: error: autom4te failed with exit status: 1
+ grep '^configure\.ac:4:.*AM_COND_IF.* no such condition.*BAD_COND' stderr
+ exit_status=1
+ set +e
+ cd /private/tmp/homebrew-automake-HEAD-mfsB/tests
+ test no = yes
+ case $am_explicit_skips in
+ test 1 -eq 0
+ keep_testdirs=yes
+ am_keeping_testdirs
+ case $keep_testdirs in
+ return 0
+ set +x
cond41: exit 1
