This file contains any messages produced by compilers while
running configure, to aid debugging if configure makes a mistake.

It was created by distcheck-override-infodir configure 1.0, which was
generated by GNU Autoconf 2.68.  Invocation command line was

  $ ../configure --srcdir=.. --prefix=/private/tmp/homebrew-automake-HEAD-998s/tests/distcheck-override-infodir.dir/distcheck-override-infodir-1.0/_inst

## --------- ##
## Platform. ##
## --------- ##

hostname = iBlub.local
uname -m = x86_64
uname -r = 11.3.0
uname -s = Darwin
uname -v = Darwin Kernel Version 11.3.0: Thu Jan 12 18:47:41 PST 2012; root:xnu-1699.24.23~1/RELEASE_X86_64

/usr/bin/uname -p = i386
/bin/uname -X     = unknown

/bin/arch              = unknown
/usr/bin/arch -k       = unknown
/usr/convex/getsysinfo = unknown
/usr/bin/hostinfo      = Mach kernel version:
	 Darwin Kernel Version 11.3.0: Thu Jan 12 18:47:41 PST 2012; root:xnu-1699.24.23~1/RELEASE_X86_64
Kernel configured for up to 4 processors.
4 processors are physically available.
4 processors are logically available.
Processor type: i486 (Intel 80486)
Processors active: 0 1 2 3
Primary memory available: 8.00 gigabytes
Default processor set: 102 tasks, 429 threads, 4 processors
Load average: 1.44, Mach factor: 2.54
/bin/machine           = unknown
/usr/bin/oslevel       = unknown
/bin/universe          = unknown

PATH: /private/tmp/homebrew-automake-HEAD-998s/tests/ax
PATH: /private/tmp/homebrew-automake-HEAD-998s/tests/wrap
PATH: /usr/local/Cellar/libffi/3.0.10/bin
PATH: /usr/local/Cellar/gettext/0.18.1.1/bin
PATH: /usr/local/bin
PATH: /usr/local/sbin
PATH: /usr/local/texlive/2011/bin/x86_64-darwin
PATH: /usr/bin
PATH: /bin
PATH: /usr/sbin
PATH: /sbin
PATH: /usr/X11/bin
PATH: /usr/local/Library/Contributions/examples


## ----------- ##
## Core tests. ##
## ----------- ##

configure:1720: checking for a BSD-compatible install
configure:1788: result: /usr/bin/install -c
configure:1799: checking whether build environment is sane
configure:1854: result: yes
configure:2005: checking for a thread-safe mkdir -p
configure:2044: result: ../install-sh -c -d
configure:2057: checking for gawk
configure:2073: found /usr/local/bin/gawk
configure:2084: result: gawk
configure:2095: checking whether make sets $(MAKE)
configure:2117: result: yes
configure:2344: checking that generated files are newer than configure
configure:2350: result: done
configure:2358: creating ./config.status

## ---------------------- ##
## Running config.status. ##
## ---------------------- ##

This file was extended by distcheck-override-infodir config.status 1.0, which was
generated by GNU Autoconf 2.68.  Invocation command line was

  CONFIG_FILES    = 
  CONFIG_HEADERS  = 
  CONFIG_LINKS    = 
  CONFIG_COMMANDS = 
  $ ./config.status 

on iBlub.local

config.status:750: creating Makefile

## ---------------- ##
## Cache variables. ##
## ---------------- ##

ac_cv_env_build_alias_set=set
ac_cv_env_build_alias_value=
ac_cv_env_host_alias_set=set
ac_cv_env_host_alias_value=
ac_cv_env_target_alias_set=
ac_cv_env_target_alias_value=
ac_cv_path_install='/usr/bin/install -c'
ac_cv_prog_AWK=gawk
ac_cv_prog_make_make_set=yes

## ----------------- ##
## Output variables. ##
## ----------------- ##

ACLOCAL='${SHELL} /private/tmp/homebrew-automake-HEAD-998s/tests/distcheck-override-infodir.dir/distcheck-override-infodir-1.0/missing --run aclocal-1.11a'
AMTAR='$${TAR-tar}'
AUTOCONF='${SHELL} /private/tmp/homebrew-automake-HEAD-998s/tests/distcheck-override-infodir.dir/distcheck-override-infodir-1.0/missing --run autoconf'
AUTOHEADER='${SHELL} /private/tmp/homebrew-automake-HEAD-998s/tests/distcheck-override-infodir.dir/distcheck-override-infodir-1.0/missing --run autoheader'
AUTOMAKE='${SHELL} /private/tmp/homebrew-automake-HEAD-998s/tests/distcheck-override-infodir.dir/distcheck-override-infodir-1.0/missing --run automake-1.11a'
AWK='gawk'
CYGPATH_W='echo'
DEFS='-DPACKAGE_NAME=\"distcheck-override-infodir\" -DPACKAGE_TARNAME=\"distcheck-override-infodir\" -DPACKAGE_VERSION=\"1.0\" -DPACKAGE_STRING=\"distcheck-override-infodir\ 1.0\" -DPACKAGE_BUGREPORT=\"\" -DPACKAGE_URL=\"\" -DPACKAGE=\"distcheck-override-infodir\" -DVERSION=\"1.0\"'
ECHO_C='\c'
ECHO_N=''
ECHO_T=''
INSTALL_DATA='${INSTALL} -m 644'
INSTALL_PROGRAM='${INSTALL}'
INSTALL_SCRIPT='${INSTALL}'
INSTALL_STRIP_PROGRAM='$(install_sh) -c -s'
LIBOBJS=''
LIBS=''
LTLIBOBJS=''
MAKEINFO='${SHELL} /private/tmp/homebrew-automake-HEAD-998s/tests/distcheck-override-infodir.dir/distcheck-override-infodir-1.0/missing --run makeinfo'
MKDIR_P='../install-sh -c -d'
PACKAGE='distcheck-override-infodir'
PACKAGE_BUGREPORT=''
PACKAGE_NAME='distcheck-override-infodir'
PACKAGE_STRING='distcheck-override-infodir 1.0'
PACKAGE_TARNAME='distcheck-override-infodir'
PACKAGE_URL=''
PACKAGE_VERSION='1.0'
PATH_SEPARATOR=':'
SET_MAKE=''
SHELL='/bin/sh'
STRIP=''
VERSION='1.0'
am__isrc=' -I$(srcdir)'
am__leading_dot='.'
am__tar='$${TAR-tar} chof - "$$tardir"'
am__untar='$${TAR-tar} xf -'
bindir='${exec_prefix}/bin'
build_alias=''
datadir='${datarootdir}'
datarootdir='${prefix}/share'
docdir='${datarootdir}/doc/${PACKAGE_TARNAME}'
dvidir='${docdir}'
exec_prefix='${prefix}'
host_alias=''
htmldir='${docdir}'
includedir='${prefix}/include'
infodir='${datarootdir}/info'
install_sh='${SHELL} /private/tmp/homebrew-automake-HEAD-998s/tests/distcheck-override-infodir.dir/distcheck-override-infodir-1.0/install-sh'
libdir='${exec_prefix}/lib'
libexecdir='${exec_prefix}/libexec'
localedir='${datarootdir}/locale'
localstatedir='${prefix}/var'
mandir='${datarootdir}/man'
mkdir_p='$(top_builddir)/../install-sh -c -d'
oldincludedir='/usr/include'
pdfdir='${docdir}'
prefix='/private/tmp/homebrew-automake-HEAD-998s/tests/distcheck-override-infodir.dir/distcheck-override-infodir-1.0/_inst'
program_transform_name='s,x,x,'
psdir='${docdir}'
sbindir='${exec_prefix}/sbin'
sharedstatedir='${prefix}/com'
sysconfdir='${prefix}/etc'
target_alias=''

## ----------- ##
## confdefs.h. ##
## ----------- ##

/* confdefs.h */
#define PACKAGE_NAME "distcheck-override-infodir"
#define PACKAGE_TARNAME "distcheck-override-infodir"
#define PACKAGE_VERSION "1.0"
#define PACKAGE_STRING "distcheck-override-infodir 1.0"
#define PACKAGE_BUGREPORT ""
#define PACKAGE_URL ""
#define PACKAGE "distcheck-override-infodir"
#define VERSION "1.0"

configure: exit 0
